<?xml version="1.0" encoding="UTF-8"?>
<!-- Generated by org.testng.reporters.JUnitReportReporter -->
<testsuite skipped="0" hostname="Ashok" name="com.raisin.demo.tests.RaisinTests" tests="3" failures="0" timestamp="28 May 2019 16:22:35 GMT" time="83.199" errors="0">
  <testcase name="Test1" time="27.500" classname="com.raisin.demo.tests.RaisinTests"/>
  <testcase name="Test2" time="30.268" classname="com.raisin.demo.tests.RaisinTests"/>
  <testcase name="Test3" time="25.431" classname="com.raisin.demo.tests.RaisinTests"/>
</testsuite> <!-- com.raisin.demo.tests.RaisinTests -->
